proguard/seeds.txt
com.lq.activity.FeedbackActivity
com.lq.activity.FeedbackActivity: FeedbackActivity()
com.lq.activity.FeedbackActivity: void onClick(android.view.View)
com.lq.activity.FolderChooseActivity
com.lq.activity.FolderChooseActivity: FolderChooseActivity()
com.lq.activity.MainContentActivity
com.lq.activity.MainContentActivity: MainContentActivity()
com.lq.activity.MutipleEditActivity
com.lq.activity.MutipleEditActivity: MutipleEditActivity()
com.lq.activity.MutipleEditActivity: void onClick(android.view.View)
com.lq.activity.MyPreferenceActivity
com.lq.activity.MyPreferenceActivity: MyPreferenceActivity()
com.lq.activity.PlayQueueActivity
com.lq.activity.PlayQueueActivity: PlayQueueActivity()
com.lq.activity.PlayerActivity
com.lq.activity.PlayerActivity: PlayerActivity()
com.lq.activity.SplashActivity
com.lq.activity.SplashActivity: SplashActivity()
...
com.google.tagmanager.TagManager$RefreshMode: com.google.tagmanager.TagManager$RefreshMode[] values()
com.google.tagmanager.TagManager$RefreshMode: com.google.tagmanager.TagManager$RefreshMode valueOf(java.lang.String)
com.google.tagmanager.protobuf.WireFormat$FieldType: com.google.tagmanager.protobuf.WireFormat$FieldType[] values()
com.google.tagmanager.protobuf.WireFormat$FieldType: com.google.tagmanager.protobuf.WireFormat$FieldType valueOf(java.lang.String)
com.google.tagmanager.protobuf.WireFormat$JavaType: com.google.tagmanager.protobuf.WireFormat$JavaType[] values()
com.google.tagmanager.protobuf.WireFormat$JavaType: com.google.tagmanager.protobuf.WireFormat$JavaType valueOf(java.lang.String)
com.lq.entity.AlbumInfo
com.lq.entity.AlbumInfo: android.os.Parcelable$Creator CREATOR
com.lq.entity.ArtistInfo
com.lq.entity.ArtistInfo: android.os.Parcelable$Creator CREATOR
com.lq.entity.FolderInfo
com.lq.entity.FolderInfo: android.os.Parcelable$Creator CREATOR
com.lq.entity.PlaylistInfo
com.lq.entity.PlaylistInfo: android.os.Parcelable$Creator CREATOR
com.lq.entity.TrackInfo
com.lq.entity.TrackInfo: android.os.Parcelable$Creator CREATOR
com.lq.receiver.AudioBecomingNoisyReceiver
com.lq.receiver.AudioBecomingNoisyReceiver: AudioBecomingNoisyReceiver()
com.lq.receiver.MediaButtonReceiver
com.lq.receiver.MediaButtonReceiver: MediaButtonReceiver()
com.lq.service.MusicService
com.lq.service.MusicService: MusicService()
com.lq.util.StringHelper$CharType: com.lq.util.StringHelper$CharType[] values()
com.lq.util.StringHelper$CharType: com.lq.util.StringHelper$CharType valueOf(java.lang.String)
com.lq.xpressmusic.R$anim: int fade_in
com.lq.xpressmusic.R$anim: int list_anim
com.lq.xpressmusic.R$anim: int list_anim_layout
com.lq.xpressmusic.R$anim: int push_bottom_in
com.lq.xpressmusic.R$anim: int push_bottom_out
com.lq.xpressmusic.R$anim: int push_left_in
com.lq.xpressmusic.R$anim: int push_left_out
com.lq.xpressmusic.R$anim: int push_right_in
com.lq.xpressmusic.R$anim: int push_right_out
com.lq.xpressmusic.R$array: int menu_mymusic
com.lq.xpressmusic.R$array: int menu_othersettings
com.lq.xpressmusic.R$attr: int behindOffset
com.lq.xpressmusic.R$attr: int behindScrollScale
com.lq.xpressmusic.R$attr: int behindWidth
com.lq.xpressmusic.R$attr: int fadeDegree
com.lq.xpressmusic.R$attr: int fadeEnabled
com.lq.xpressmusic.R$attr: int mode
com.lq.xpressmusic.R$attr: int selectorDrawable
com.lq.xpressmusic.R$attr: int selectorEnabled
com.lq.xpressmusic.R$attr: int shadowDrawable
com.lq.xpressmusic.R$attr: int shadowWidth
com.lq.xpressmusic.R$attr: int touchModeAbove
com.lq.xpressmusic.R$attr: int touchModeBehind
com.lq.xpressmusic.R$attr: int viewAbove
com.lq.xpressmusic.R$attr: int viewBehind
com.lq.xpressmusic.R$bool: int ga_autoActivityTracking
com.lq.xpressmusic.R$bool: int ga_reportUncaughtExceptions