proguard/mapping.txt
com.lq.activity.FeedbackActivity -> com.lq.activity.FeedbackActivity:
    android.widget.EditText mView_FeedbackContent -> n
    android.widget.Button mView_Submit -> o
    android.view.View mView_Close -> p
    void onCreate(android.os.Bundle) -> onCreate
    void onStart() -> onStart
    void onResume() -> onResume
    void onPause() -> onPause
    void onStop() -> onStop
    void findViews() -> f
    void initViewsSetting() -> g
    void onClick(android.view.View) -> onClick
com.lq.activity.FolderChooseActivity -> com.lq.activity.FolderChooseActivity:
    java.lang.String TAG -> p
    android.widget.ImageView mView_Close -> q
    android.widget.TextView mView_Title -> r
    android.widget.ListView mView_ListView -> s
    android.widget.Button mView_Confirm -> t
    android.widget.Button mView_CreateFolder -> u
    android.widget.ImageButton mView_BackToPrev -> v
    android.widget.TextView mView_CurrentPath -> w
    android.widget.ArrayAdapter mAdapter -> x
    java.util.ArrayList mCurFolderList -> y
    com.lq.fragment.EditTextDialogFragment mCreateNewFolderDialogFragment -> z
    java.util.LinkedList mPathStack -> A
    java.lang.String mCurPath -> B
    com.lq.fragment.EditTextDialogFragment$OnMyDialogInputListener mCreateNewFolderListener -> n
    java.util.Comparator mFolderNameComparator -> o
    void onCreate(android.os.Bundle) -> onCreate
    void onStart() -> onStart
    void onResume() -> onResume
    void onPause() -> onPause
    void onStop() -> onStop
    void onBackPressed() -> onBackPressed
    void backToPrevFolder() -> f
    void findViews() -> g
    void initViewsSetting() -> h
    void updateFolderList() -> i
    java.lang.String access$0(com.lq.activity.FolderChooseActivity) -> a
    java.lang.String access$1(com.lq.activity.FolderChooseActivity) -> b
    com.lq.fragment.EditTextDialogFragment access$2(com.lq.activity.FolderChooseActivity) -> c
com.lq.activity.FolderChooseActivity$1 -> com.lq.activity.a:
    com.lq.activity.FolderChooseActivity this$0 -> a
    void onEditTextInputCompleted(java.lang.String) -> a
com.lq.activity.FolderChooseActivity$2 -> com.lq.activity.b:
    char first_l -> a
    char first_r -> b
    com.lq.activity.FolderChooseActivity this$0 -> c
    int compare(java.lang.String,java.lang.String) -> a
    int compare(java.lang.Object,java.lang.Object) -> compare
com.lq.activity.FolderChooseActivity$3 -> com.lq.activity.c:
    com.lq.activity.FolderChooseActivity this$0 -> a
    void onItemClick(android.widget.AdapterView,android.view.View,int,long) -> onItemClick
com.lq.activity.FolderChooseActivity$4 -> com.lq.activity.d:
    com.lq.activity.FolderChooseActivity this$0 -> a
    void onClick(android.view.View) -> onClick
com.lq.activity.FolderChooseActivity$5 -> com.lq.activity.e:
    com.lq.activity.FolderChooseActivity this$0 -> a
    void onClick(android.view.View) -> onClick
com.lq.activity.FolderChooseActivity$6 -> com.lq.activity.f:
    com.lq.activity.FolderChooseActivity this$0 -> a
    void onClick(android.view.View) -> onClick
com.lq.activity.FolderChooseActivity$7 -> com.lq.activity.g:
    com.lq.activity.FolderChooseActivity this$0 -> a
    void onClick(android.view.View) -> onClick
...
com.umeng.analytics.a.c -> com.umeng.a.a.c:
    com.umeng.analytics.a.b a -> a
com.umeng.analytics.a.d -> com.umeng.a.a.d:
    java.lang.String a -> a
    java.lang.String b -> b
    java.lang.String a(java.lang.Throwable) -> a
    boolean a() -> a
    void a(org.json.JSONObject) -> a
    void b(org.json.JSONObject) -> b
com.umeng.analytics.a.e -> com.umeng.a.a.e:
    java.lang.String a -> a
    java.lang.String b -> b
    int c -> c
    long d -> d
    java.lang.String k -> j
    java.lang.String l -> k
    java.lang.String m -> l
    java.lang.String n -> m
    boolean a() -> a
    void a(org.json.JSONObject) -> a
    void b(org.json.JSONObject) -> b
com.umeng.analytics.a.f -> com.umeng.a.a.f:
    java.lang.String a -> a
    java.lang.String b -> b
    java.lang.String c -> c
    java.lang.String d -> d
    java.lang.String e -> e
    long f -> f
    java.lang.String g -> g
    java.lang.String h -> h
    java.lang.String i -> i
    java.lang.String j -> j
    java.lang.String k -> k
    java.lang.String l -> l
    java.lang.String m -> m
    java.lang.String n -> n
    java.lang.String o -> o
    long p -> p
    java.lang.String q -> q
    java.lang.String r -> r
    java.lang.String s -> s
    java.lang.String t -> t
    java.lang.String u -> u
    java.lang.String v -> v
    java.lang.String w -> w
    java.lang.String x -> x
    int y -> y
    java.lang.String z -> z
    java.lang.String A -> A
    java.lang.String B -> B
    java.lang.String C -> C
    java.lang.String D -> D
    java.lang.String E -> E
    java.lang.String F -> F
    java.lang.String G -> G
    java.lang.String H -> H
    java.lang.String I -> I
    java.lang.String J -> J
    java.lang.String K -> K
    java.lang.String L -> L
    java.lang.String M -> M
    java.lang.String N -> N
    java.lang.String O -> O
    java.lang.String P -> P
    java.lang.String Q -> Q
    java.lang.String R -> R
    java.lang.String S -> S
    java.lang.String T -> T
    java.lang.String U -> U
    java.lang.String V -> V
    java.lang.String W -> W
    java.lang.String X -> X
    java.lang.String Y -> Y
com.umeng.analytics.a.g -> com.umeng.a.a.g:
    void b(org.json.JSONObject) -> b
    boolean a() -> a
com.umeng.analytics.a.h -> com.umeng.a.a.h:
    com.umeng.analytics.a.o a -> a
    void c(org.json.JSONObject) -> c
    void d(org.json.JSONObject) -> d
    boolean a() -> a
    void a(org.json.JSONObject) -> a
    void b(org.json.JSONObject) -> b
com.umeng.analytics.a.i -> com.umeng.a.a.i:
    java.util.ArrayList a -> a
    java.util.ArrayList b -> b
    java.util.ArrayList c -> c
    java.util.ArrayList d -> d
    java.util.ArrayList e -> e
    java.lang.String f -> f
    java.lang.String g -> g
    java.lang.String h -> h
    java.lang.String i -> i
    java.lang.String j -> j
    void a(com.umeng.analytics.a.h) -> a
    void a(com.umeng.analytics.a.m) -> a
    void a(com.umeng.analytics.a.d) -> a
    void a(com.umeng.analytics.a.e) -> a
    void a(com.umeng.analytics.a.b) -> a
    void c(org.json.JSONObject) -> c
    void d(org.json.JSONObject) -> d
    void e(org.json.JSONObject) -> e
    void f(org.json.JSONObject) -> f
    void g(org.json.JSONObject) -> g
    void a(org.json.JSONObject) -> a
    org.json.JSONArray a(java.util.ArrayList) -> a
    void b(org.json.JSONObject) -> b
    boolean a() -> a
    void a(com.umeng.analytics.a.i) -> a
    void b(java.util.ArrayList) -> b
    int b() -> b
    void c() -> c
com.umeng.analytics.a.j -> com.umeng.a.a.j:
    com.umeng.analytics.a.i a -> a
com.umeng.analytics.a.k -> com.umeng.a.a.k:
    java.lang.String a -> a
    int b -> b
com.umeng.analytics.a.l -> com.umeng.a.a.l:
    java.lang.String e -> e
    boolean a() -> a
    void b(org.json.JSONObject) -> b
    void a(org.json.JSONObject) -> a