proguard/usage.txt
com.lq.activity.MainContentActivity:
    public static final int MESSAGE_SWITCH_TO_PLAY_IMAGE
    public static final int MESSAGE_SWITCH_TO_PAUSE_IMAGE
    214:219:public void setSlideEnable(boolean)
com.lq.activity.PlayerActivity:
    public static final int MSG_SET_LYRIC_INDEX
...
android.support.v4.accessibilityservice.AccessibilityServiceInfoCompat
android.support.v4.accessibilityservice.AccessibilityServiceInfoCompat$AccessibilityServiceInfoIcsImpl
android.support.v4.accessibilityservice.AccessibilityServiceInfoCompat$AccessibilityServiceInfoStubImpl
android.support.v4.accessibilityservice.AccessibilityServiceInfoCompat$AccessibilityServiceInfoVersionImpl
android.support.v4.accessibilityservice.AccessibilityServiceInfoCompatIcs
android.support.v4.app.ActivityCompat
android.support.v4.app.ActivityCompatHoneycomb:
    27:27:ActivityCompatHoneycomb()
    34:35:static void dump(android.app.Activity,java.lang.String,java.io.FileDescriptor,java.io.PrintWriter,java.lang.String[])
android.support.v4.app.BackStackRecord:
    static final java.lang.String TAG
    static final int OP_NULL
    static final int OP_ADD
    static final int OP_REPLACE
    static final int OP_REMOVE
    static final int OP_HIDE
    static final int OP_SHOW
    static final int OP_DETACH
    static final int OP_ATTACH
    338:338:public int getId()
    342:342:public int getBreadCrumbTitleRes()
    346:346:public int getBreadCrumbShortTitleRes()
    350:353:public java.lang.CharSequence getBreadCrumbTitle()
    357:360:public java.lang.CharSequence getBreadCrumbShortTitle()
    479:479:public android.support.v4.app.FragmentTransaction setCustomAnimations(int,int)
    484:488:public android.support.v4.app.FragmentTransaction setCustomAnimations(int,int,int,int)
    492:493:public android.support.v4.app.FragmentTransaction setTransition(int)
    497:498:public android.support.v4.app.FragmentTransaction setTransitionStyle(int)
    512:512:public boolean isAddToBackStackAllowed()
    516:521:public android.support.v4.app.FragmentTransaction disallowAddToBackStack()
    525:527:public android.support.v4.app.FragmentTransaction setBreadCrumbTitle(int)
    531:533:public android.support.v4.app.FragmentTransaction setBreadCrumbTitle(java.lang.CharSequence)
    537:539:public android.support.v4.app.FragmentTransaction setBreadCrumbShortTitle(int)
    543:545:public android.support.v4.app.FragmentTransaction setBreadCrumbShortTitle(java.lang.CharSequence)
android.support.v4.app.DialogFragment:
    public static final int STYLE_NORMAL
    public static final int STYLE_NO_TITLE
    public static final int STYLE_NO_FRAME
    public static final int STYLE_NO_INPUT
    private static final java.lang.String SAVED_DIALOG_STATE_TAG
    private static final java.lang.String SAVED_STYLE
    private static final java.lang.String SAVED_THEME
    private static final java.lang.String SAVED_CANCELABLE
    private static final java.lang.String SAVED_SHOWS_DIALOG
    private static final java.lang.String SAVED_BACK_STACK_ID
    102:109:public void setStyle(int,int)
    140:145:public int show(android.support.v4.app.FragmentTransaction,java.lang.String)
    165:166:public void dismissAllowingStateLoss()
    195:195:public android.app.Dialog getDialog()
    212:214:public void setCancelable(boolean)
    220:220:public boolean isCancelable()
    241:242:public void setShowsDialog(boolean)
    248:248:public boolean getShowsDialog()